
Scrapy Spider Starts! -- Dec 19 2019 20:32:01 --
Expert : 786
Achievement : 14459
Patent : 456
Scrapy Finished Successfully! -- Dec 19 2019 21:37:19 --

Scrapy Spider Starts! -- Dec 20 2019 10:55:53 --
Expert : 0
Achievement : 0
Patent : 2
Scrapy Finished Successfully! -- Dec 20 2019 10:56:02 --

Scrapy Spider Starts! -- Dec 20 2019 10:57:05 --
Expert : 1
Achievement : 0
Patent : 2
Scrapy Finished Successfully! -- Dec 20 2019 10:57:47 --

Scrapy Spider Starts! -- Dec 20 2019 10:59:13 --
Expert : 1
Achievement : 8
Patent : 2
Scrapy Finished Successfully! -- Dec 20 2019 10:59:23 --

Scrapy Spider Starts! -- Dec 20 2019 11:42:26 --
Expert : 1
Achievement : 8
Patent : 2
Scrapy Finished Successfully! -- Dec 20 2019 11:42:33 --

Scrapy Spider Starts! -- Dec 20 2019 12:00:32 --
Expert : 1
Achievement : 8
Patent : 2
Scrapy Finished Successfully! -- Dec 20 2019 12:00:39 --

Scrapy Spider Starts! -- Dec 20 2019 12:01:18 --
Expert : 1
Achievement : 8
Patent : 2
Scrapy Finished Successfully! -- Dec 20 2019 12:01:25 --

Scrapy Spider Starts! -- Dec 20 2019 12:03:42 --
Expert : 1
Achievement : 8
Patent : 2
Scrapy Finished Successfully! -- Dec 20 2019 12:03:50 --

Scrapy Spider Starts! -- Dec 20 2019 12:11:58 --
Expert : 0
Achievement : 0
Patent : 0
Scrapy Finished Successfully! -- Dec 20 2019 12:12:29 --

Scrapy Spider Starts! -- Dec 20 2019 12:17:42 --
Expert : 0
Achievement : 0
Patent : 2
Scrapy Finished Successfully! -- Dec 20 2019 12:17:49 --

Scrapy Spider Starts! -- Dec 20 2019 12:23:06 --
Expert : 1
Achievement : 8
Patent : 2
Scrapy Finished Successfully! -- Dec 20 2019 12:23:13 --

Scrapy Spider Starts! -- Dec 20 2019 12:34:55 --
Expert : 1
Achievement : 8
Patent : 2
Scrapy Finished Successfully! -- Dec 20 2019 12:35:02 --

Scrapy Spider Starts! -- Dec 20 2019 12:35:44 --
Expert : 783
Achievement : 14469
Patent : 456
Scrapy Finished Successfully! -- Dec 20 2019 13:35:52 --

Scrapy Spider Starts! -- Dec 22 2019 11:19:41 --
Expert : 0
Achievement : 0
Patent : 0
Scrapy Finished Successfully! -- Dec 22 2019 11:19:41 --

Scrapy Spider Starts! -- Dec 22 2019 11:22:54 --
Expert : 0
Achievement : 0
Patent : 0
Scrapy Finished Successfully! -- Dec 22 2019 11:23:25 --

Scrapy Spider Starts! -- Dec 22 2019 11:24:02 --
Expert : 1
Achievement : 8
Patent : 1
Scrapy Finished Successfully! -- Dec 22 2019 11:24:08 --

Scrapy Spider Starts! -- Dec 22 2019 11:24:52 --
Expert : 1
Achievement : 8
Patent : 6
Scrapy Finished Successfully! -- Dec 22 2019 11:25:19 --
